<?xml version="1.0" encoding="UTF-8"?>
<!-- Generated by org.testng.reporters.JUnitXMLReporter -->
<testsuite hostname="DHEERAJ" ignored="0" name="Default test" tests="3" failures="0" timestamp="28 Jun 2023 08:31:53 GMT" time="3.181" errors="0">
  <testcase name="basicValidation" time="2.385" classname="Rest_Assured.Rest_Assured.BasicValidation"/>
  <testcase name="respnseValidation" time="0.595" classname="Rest_Assured.Rest_Assured.BasicValidation"/>
  <testcase name="responsemultipleValidation" time="0.169" classname="Rest_Assured.Rest_Assured.BasicValidation"/>
</testsuite> <!-- Default test -->
